#
# There is insufficient memory for the Java Runtime Environment to continue.
# Native memory allocation (mmap) failed to map 134217728 bytes for Failed to commit area from 0x0000000081600000 to 0x0000000089600000 of length 134217728.
# Possible reasons:
#   The system is out of physical RAM or swap space
#   The process is running with CompressedOops enabled, and the Java Heap may be blocking the growth of the native heap
# Possible solutions:
#   Reduce memory load on the system
#   Increase physical memory or swap space
#   Check if swap backing store is full
#   Decrease Java heap size (-Xmx/-Xms)
#   Decrease number of Java threads
#   Decrease Java thread stack sizes (-Xss)
#   Set larger code cache with -XX:ReservedCodeCacheSize=
#   JVM is running with Unscaled Compressed Oops mode in which the Java heap is
#     placed in the first 4GB address space. The Java Heap base address is the
#     maximum limit for the native heap growth. Please use -XX:HeapBaseMinAddress
#     to set the Java Heap base and to place the Java Heap above 4GB virtual address.
# This output file may be truncated or incomplete.
#
#  Out of Memory Error (./open/src/hotspot/os/windows/os_windows.cpp:3315), pid=11848, tid=17892
#
# JRE version:  (14.0.2+12) (build )
# Java VM: Java HotSpot(TM) 64-Bit Server VM (14.0.2+12-46, mixed mode, sharing, tiered, compressed oops, g1 gc, windows-amd64)
# No core dump will be written. Minidumps are not enabled by default on client versions of Windows
#

---------------  S U M M A R Y ------------

Command Line: -agentlib:jdwp=transport=dt_socket,server=n,suspend=y,address=localhost:58451 -XX:+ShowCodeDetailsInExceptionMessages -Dfile.encoding=UTF-8 view.Launch

Host: Intel(R) Core(TM) i5-8250U CPU @ 1.60GHz, 8 cores, 7G,  Windows 10 , 64 bit Build 18362 (10.0.18362.1110)
Time: Tue Sep 21 13:09:07 2021 W. Europe Daylight Time elapsed time: 0 seconds (0d 0h 0m 0s)

---------------  T H R E A D  ---------------

Current thread (0x000002172ba62800):  JavaThread "Unknown thread" [_thread_in_vm, id=17892, stack(0x000000ec7fc00000,0x000000ec7fd00000)]

Stack: [0x000000ec7fc00000,0x000000ec7fd00000]
Native frames: (J=compiled Java code, j=interpreted, Vv=VM code, C=native code)
V  [jvm.dll+0x5f8a9a]
V  [jvm.dll+0x74247a]
V  [jvm.dll+0x743c2f]
V  [jvm.dll+0x744273]
V  [jvm.dll+0x20d288]
V  [jvm.dll+0x5f5dea]
V  [jvm.dll+0x5eac45]
V  [jvm.dll+0x2c7e9c]
V  [jvm.dll+0x2c7cd2]
V  [jvm.dll+0x2cdbbc]
V  [jvm.dll+0x313fe8]
V  [jvm.dll+0x313710]
V  [jvm.dll+0x2a092a]
V  [jvm.dll+0x2a1a79]
V  [jvm.dll+0x71fd48]
V  [jvm.dll+0x321c14]
V  [jvm.dll+0x70112c]
V  [jvm.dll+0x392def]
V  [jvm.dll+0x394e61]
C  [jli.dll+0x524b]
C  [ucrtbase.dll+0x210b2]
C  [KERNEL32.DLL+0x17c24]
C  [ntdll.dll+0x6d4d1]


---------------  P R O C E S S  ---------------

Threads class SMR info:
_java_thread_list=0x00007ff834c13038, length=0, elements={
}

Java Threads: ( => current thread )

Other Threads:
  0x000002172baa4000 GCTaskThread "GC Thread#0" [stack: 0x000000ec7fd00000,0x000000ec7fe00000] [id=22216]
  0x000002172bab5800 ConcurrentGCThread "G1 Main Marker" [stack: 0x000000ec7fe00000,0x000000ec7ff00000] [id=11784]
  0x000002172bab9000 ConcurrentGCThread "G1 Conc#0" [stack: 0x000000ec7ff00000,0x000000ec80000000] [id=21604]

[error occurred during error reporting (printing all threads), id 0xc0000005, EXCEPTION_ACCESS_VIOLATION (0xc0000005) at pc=0x00007ff834441257]

VM state:not at safepoint (not fully initialized)

VM Mutex/Monitor currently owned by a thread:  ([mutex/lock_event])
[0x000002172ba5e750] Heap_lock - owner thread: 0x000002172ba62800

Heap address: 0x0000000081600000, size: 2026 MB, Compressed Oops mode: 32-bit
Narrow klass base: 0x0000000000000000, Narrow klass shift: 0

GC Heap History (0 events):
No events

Deoptimization events (0 events):
No events

Classes unloaded (0 events):
No events

Classes redefined (0 events):
No events

Internal exceptions (0 events):
No events

Events (2 events):
Event: 0.017 Loaded shared library C:\Program Files\Java\jdk-14.0.2\bin\java.dll
Event: 0.018 Loaded shared library C:\Program Files\Java\jdk-14.0.2\bin\zip.dll


Dynamic libraries:
0x00007ff6689a0000 - 0x00007ff6689af000 	C:\Program Files\Java\jdk-14.0.2\bin\java.exe
0x00007ff88cc80000 - 0x00007ff88ce70000 	C:\WINDOWS\SYSTEM32\ntdll.dll
0x00007ff88b720000 - 0x00007ff88b7d2000 	C:\WINDOWS\System32\KERNEL32.DLL
0x00007ff889cf0000 - 0x00007ff889f95000 	C:\WINDOWS\System32\KERNELBASE.dll
0x00007ff889bf0000 - 0x00007ff889cea000 	C:\WINDOWS\System32\ucrtbase.dll
0x00007ff883830000 - 0x00007ff883848000 	C:\Program Files\Java\jdk-14.0.2\bin\jli.dll
0x00007ff880d20000 - 0x00007ff880d35000 	C:\Program Files\Java\jdk-14.0.2\bin\VCRUNTIME140.dll
0x00007ff88b130000 - 0x00007ff88b1d3000 	C:\WINDOWS\System32\ADVAPI32.dll
0x00007ff88cb30000 - 0x00007ff88cbce000 	C:\WINDOWS\System32\msvcrt.dll
0x00007ff88c3a0000 - 0x00007ff88c437000 	C:\WINDOWS\System32\sechost.dll
0x00007ff88ae70000 - 0x00007ff88af90000 	C:\WINDOWS\System32\RPCRT4.dll
0x00007ff88b930000 - 0x00007ff88bac4000 	C:\WINDOWS\System32\USER32.dll
0x00007ff88acb0000 - 0x00007ff88acd1000 	C:\WINDOWS\System32\win32u.dll
0x00007ff878320000 - 0x00007ff8785a4000 	C:\WINDOWS\WinSxS\amd64_microsoft.windows.common-controls_6595b64144ccf1df_6.0.18362.1256_none_9e7e379be45e40e2\COMCTL32.dll
0x00007ff88b210000 - 0x00007ff88b236000 	C:\WINDOWS\System32\GDI32.dll
0x00007ff88b310000 - 0x00007ff88b646000 	C:\WINDOWS\System32\combase.dll
0x00007ff88a2a0000 - 0x00007ff88a436000 	C:\WINDOWS\System32\gdi32full.dll
0x00007ff88ac20000 - 0x00007ff88aca1000 	C:\WINDOWS\System32\bcryptPrimitives.dll
0x00007ff88a150000 - 0x00007ff88a1ee000 	C:\WINDOWS\System32\msvcp_win.dll
0x00007ff87f520000 - 0x00007ff87f52a000 	C:\WINDOWS\SYSTEM32\VERSION.dll
0x00007ff88c210000 - 0x00007ff88c23e000 	C:\WINDOWS\System32\IMM32.DLL
0x00007ff84e450000 - 0x00007ff84e4eb000 	C:\Program Files\Java\jdk-14.0.2\bin\msvcp140.dll
0x00007ff834190000 - 0x00007ff834cae000 	C:\Program Files\Java\jdk-14.0.2\bin\server\jvm.dll
0x00007ff88b200000 - 0x00007ff88b208000 	C:\WINDOWS\System32\PSAPI.DLL
0x00007ff875310000 - 0x00007ff875319000 	C:\WINDOWS\SYSTEM32\WSOCK32.dll
0x00007ff887420000 - 0x00007ff887444000 	C:\WINDOWS\SYSTEM32\WINMM.dll
0x00007ff88b240000 - 0x00007ff88b2af000 	C:\WINDOWS\System32\WS2_32.dll
0x00007ff8873f0000 - 0x00007ff88741d000 	C:\WINDOWS\SYSTEM32\WINMMBASE.dll
0x00007ff88ace0000 - 0x00007ff88ad2a000 	C:\WINDOWS\System32\cfgmgr32.dll
0x00007ff889b50000 - 0x00007ff889b61000 	C:\WINDOWS\System32\kernel.appcore.dll
0x00007ff881f80000 - 0x00007ff881f8a000 	C:\Program Files\Java\jdk-14.0.2\bin\jimage.dll
0x00007ff888400000 - 0x00007ff8885f4000 	C:\WINDOWS\SYSTEM32\DBGHELP.DLL
0x00007ff874cf0000 - 0x00007ff874d1a000 	C:\WINDOWS\SYSTEM32\dbgcore.DLL
0x00007ff85f010000 - 0x00007ff85f048000 	C:\Program Files\Java\jdk-14.0.2\bin\jdwp.dll
0x00007ff87f820000 - 0x00007ff87f845000 	C:\Program Files\Java\jdk-14.0.2\bin\java.dll
0x00007ff871250000 - 0x00007ff871266000 	C:\Program Files\Java\jdk-14.0.2\bin\zip.dll

dbghelp: loaded successfully - version: 4.0.5 - missing functions: none
symbol engine: initialized successfully - sym options: 0x614 - pdb path: .;C:\Program Files\Java\jdk-14.0.2\bin;C:\WINDOWS\SYSTEM32;C:\WINDOWS\WinSxS\amd64_microsoft.windows.common-controls_6595b64144ccf1df_6.0.18362.1256_none_9e7e379be45e40e2;C:\Program Files\Java\jdk-14.0.2\bin\server

VM Arguments:
jvm_args: -agentlib:jdwp=transport=dt_socket,server=n,suspend=y,address=localhost:58451 -XX:+ShowCodeDetailsInExceptionMessages -Dfile.encoding=UTF-8 
java_command: view.Launch
java_class_path (initial): C:\Users\Ben Hasenson\Documents\GitHub\Project_2-1_Group18\bin;C:\Users\Ben Hasenson\Documents\GitHub\Project_2-1_Group18\gradle\wrapper\gradle-wrapper.jar;C:\Users\Ben Hasenson\.vscode\extensions\vscjava.vscode-java-test-0.31.3\server\org.junit.jupiter.api_5.6.0.v20200203-2009.jar;C:\Users\Ben Hasenson\.vscode\extensions\vscjava.vscode-java-test-0.31.3\server\org.junit.jupiter.engine_5.6.0.v20200203-2009.jar;C:\Users\Ben Hasenson\.vscode\extensions\vscjava.vscode-java-test-0.31.3\server\org.junit.jupiter.migrationsupport_5.6.0.v20200203-2009.jar;C:\Users\Ben Hasenson\.vscode\extensions\vscjava.vscode-java-test-0.31.3\server\org.junit.jupiter.params_5.6.0.v20200203-2009.jar;C:\Users\Ben Hasenson\.vscode\extensions\vscjava.vscode-java-test-0.31.3\server\org.junit.platform.commons_1.6.0.v20200203-2009.jar;C:\Users\Ben Hasenson\.vscode\extensions\vscjava.vscode-java-test-0.31.3\server\org.junit.platform.engine_1.6.0.v20200203-2009.jar;C:\Users\Ben Hasenson\.vscode\extensions\vscjava.vscode-java-test-0.31.3\server\org.junit.platform.launcher_1.6.0.v20200203-2009.jar;C:\Users\Ben Hasenson\.vscode\extensions\vscjava.vscode-java-test-0.31.3\server\org.junit.platform.runner_1.6.0.v20200203-2009.jar;C:\Users\Ben Hasenson\.vscode\extensions\vscjava.vscode-java-test-0.31.3\server\org.junit.platform.suite.api_1.6.0.v20200203-2009.jar;C:\Users\Ben Hasenson\.vscode\extensions\vscjava.vscode-java-test-0.31.3\server\org.junit.vintage.engine_5.6.0.v20200203-2009.jar;C:\Users\Ben Hasenson\.vscode\extensions\vscjava.vscode-java-test-0.31.3\server\org.opentest4j_1.2.0.v20190826-0900.jar;C:\Users\Ben Hasenson\.vscode\extensions\vscjava.vscode-java-test-0.31.3\server\org.apiguardian_1.1.0.v20190826-0900.jar;C:\Users\Ben Hasenson\.vscode\extensions\redhat.java-0.82.0\server\plugins\org.junit_4.13.0.v20200204-1500.jar;C:\Users\Ben Hasenson\.vscode\extensions\redhat.java-0.82.0\server\plugins\org.hamcrest.core_1.3.0.v20180420-1519.jar
Launcher Type: SUN_STANDARD

[Global flags]
     intx CICompilerCount                          = 4                                         {product} {ergonomic}
     uint ConcGCThreads                            = 2                                         {product} {ergonomic}
     uint G1ConcRefinementThreads                  = 8                                         {product} {ergonomic}
   size_t G1HeapRegionSize                         = 1048576                                   {product} {ergonomic}
    uintx GCDrainStackTargetSize                   = 64                                        {product} {ergonomic}
   size_t InitialHeapSize                          = 134217728                                 {product} {ergonomic}
   size_t MarkStackSize                            = 4194304                                   {product} {ergonomic}
   size_t MaxHeapSize                              = 2124414976                                {product} {ergonomic}
   size_t MinHeapDeltaBytes                        = 1048576                                   {product} {ergonomic}
   size_t MinHeapSize                              = 8388608                                   {product} {ergonomic}
    uintx NonNMethodCodeHeapSize                   = 5839372                                {pd product} {ergonomic}
    uintx NonProfiledCodeHeapSize                  = 122909434                              {pd product} {ergonomic}
    uintx ProfiledCodeHeapSize                     = 122909434                              {pd product} {ergonomic}
    uintx ReservedCodeCacheSize                    = 251658240                              {pd product} {ergonomic}
     bool SegmentedCodeCache                       = true                                      {product} {ergonomic}
     bool ShowCodeDetailsInExceptionMessages       = true                                   {manageable} {command line}
   size_t SoftMaxHeapSize                          = 2124414976                             {manageable} {ergonomic}
     bool UseCompressedClassPointers               = true                                 {lp64_product} {ergonomic}
     bool UseCompressedOops                        = true                                 {lp64_product} {ergonomic}
     bool UseG1GC                                  = true                                      {product} {ergonomic}
     bool UseLargePagesIndividualAllocation        = false                                  {pd product} {ergonomic}

Logging:
Log output configuration:
 #0: stdout all=warning uptime,level,tags
 #1: stderr all=off uptime,level,tags

Environment Variables:
JAVA_HOME=C:\Program Files\Java\jdk-14.0.2
PATH=C:\Program Files\Java\jdk-14.0.2\bin;C:\Program Files (x86)\Common Files\Oracle\Java\javapath;C:\Program Files (x86)\Intel\iCLS Client\;C:\Program Files\Intel\iCLS Client\;C:\Windows\system32;C:\Windows;C:\Windows\System32\Wbem;C:\Windows\System32\WindowsPowerShell\v1.0\;C:\Program Files (x86)\Intel\Intel(R) Management Engine Components\DAL;C:\Program Files\Intel\Intel(R) Management Engine Components\DAL;C:\Program Files (x86)\Intel\Intel(R) Management Engine Components\IPT;C:\Program Files\Intel\Intel(R) Management Engine Components\IPT;C:\Program Files (x86)\NVIDIA Corporation\PhysX\Common;C:\WINDOWS\system32;C:\WINDOWS;C:\WINDOWS\System32\Wbem;C:\WINDOWS\System32\WindowsPowerShell\v1.0\;C:\WINDOWS\System32\OpenSSH\;C:\Gradle\gradle-6.8.3\bin;C:\Program Files\Git\cmd;C:\Users\Ben Hasenson\AppData\Local\Programs\MiKTeX\miktex\bin\x64\;C:\Users\Ben Hasenson\AppData\Roaming\TinyTeX\bin\win32;C:\Program Files\MySQL\MySQL Shell 8.0\bin\;C:\Users\Ben Hasenson\AppData\Local\Microsoft\WindowsApps;C:\Program Files\Java\jdk-14.0.2\bin;C:\Users\Ben Hasenson\AppData\Local\GitHubDesktop\bin;C:\Users\Ben Hasenson\AppData\Local\Programs\Microsoft VS Code\bin
USERNAME=Ben Hasenson
OS=Windows_NT
PROCESSOR_IDENTIFIER=Intel64 Family 6 Model 142 Stepping 10, GenuineIntel



---------------  S Y S T E M  ---------------

OS: Windows 10 , 64 bit Build 18362 (10.0.18362.1110)
OS uptime: 0 days 20:45 hours

CPU:total 8 (initial active 8) (4 cores per cpu, 2 threads per core) family 6 model 142 stepping 10, cmov, cx8, fxsr, mmx, sse, sse2, sse3, ssse3, sse4.1, sse4.2, popcnt, avx, avx2, aes, clmul, erms, 3dnowpref, lzcnt, ht, tsc, tscinvbit, bmi1, bmi2, adx, fma

Memory: 4k page, system-wide physical 8101M (1334M free)
TotalPageFile size 17139M (AvailPageFile size 116M)
current process WorkingSet (physical memory assigned to process): 10M, peak: 10M
current process commit charge ("private bytes"): 60M, peak: 188M

vm_info: Java HotSpot(TM) 64-Bit Server VM (14.0.2+12-46) for windows-amd64 JRE (14.0.2+12-46), built on Jul  9 2020 00:35:52 by "mach5one" with MS VC++ 15.9 (VS2017)

END.
